<?xml version="1.0" encoding="UTF-8"?>
<!-- Generated by org.testng.reporters.JUnitReportReporter -->
<testsuite skipped="0" hostname="DESKTOP-TLIRE04" name="tasks.D2_Task2" tests="1" failures="0" timestamp="08 Jun 2022 18:36:34 GMT" time="52.710" errors="0">
  <testcase name="practical1" time="52.710" classname="tasks.D2_Task2"/>
</testsuite> <!-- tasks.D2_Task2 -->
