<?xml version="1.0" encoding="UTF-8"?>
<!-- Generated by org.testng.reporters.JUnitReportReporter -->
<testsuite skipped="0" hostname="DESKTOP-TLIRE04" name="tasks.D3_Task1" tests="1" failures="0" timestamp="08 Jun 2022 19:48:58 GMT" time="60.494" errors="0">
  <testcase name="practical1" time="60.494" classname="tasks.D3_Task1"/>
</testsuite> <!-- tasks.D3_Task1 -->
