<?xml version="1.0" encoding="UTF-8"?>
<!-- Generated by org.testng.reporters.JUnitReportReporter -->
<testsuite skipped="0" hostname="DESKTOP-TLIRE04" name="tasks.D2_Task2Test" tests="1" failures="0" timestamp="2022-06-09T11:20:30 IST" time="220.837" errors="0">
  <testcase name="practicalTest" time="220.837" classname="tasks.D2_Task2Test"/>
  <system-out/>
</testsuite> <!-- tasks.D2_Task2Test -->
