<?xml version="1.0" encoding="UTF-8"?>
<!-- Generated by org.testng.reporters.JUnitReportReporter -->
<testsuite skipped="0" hostname="TATTVA1" name="AmdoxAssignment.Task4" tests="1" failures="0" timestamp="08 Jun 2022 17:24:00 GMT" time="83.598" errors="0">
  <testcase name="task4" time="83.598" classname="AmdoxAssignment.Task4"/>
</testsuite> <!-- AmdoxAssignment.Task4 -->
