<?xml version="1.0" encoding="UTF-8"?>
<!-- Generated by org.testng.reporters.JUnitReportReporter -->
<testsuite skipped="0" hostname="Ravanth" name="com.amdocs.amazonTest.Assignment4" tests="1" failures="0" timestamp="14 Jun 2022 07:07:22 GMT" time="18.916" errors="0">
  <testcase name="practicalTest" time="18.916" classname="com.amdocs.amazonTest.Assignment4"/>
</testsuite> <!-- com.amdocs.amazonTest.Assignment4 -->
