<?xml version="1.0" encoding="UTF-8"?>
<!-- Generated by org.testng.reporters.JUnitReportReporter -->
<testsuite skipped="0" hostname="DESKTOP-M05BBAF" name="Amazon.Task2" tests="1" failures="0" timestamp="09 Jun 2022 07:16:03 GMT" time="73.969" errors="0">
  <testcase name="toys" time="73.969" classname="Amazon.Task2"/>
</testsuite> <!-- Amazon.Task2 -->
