<?xml version="1.0" encoding="UTF-8"?>
<!-- Generated by org.testng.reporters.JUnitReportReporter -->
<testsuite skipped="0" hostname="DESKTOP-M05BBAF" name="Amazon.Task3" tests="1" failures="0" timestamp="14 Jun 2022 07:12:17 GMT" time="65.480" errors="0">
  <testcase name="practicalTest" time="65.480" classname="Amazon.Task3"/>
</testsuite> <!-- Amazon.Task3 -->
