<?xml version="1.0" encoding="UTF-8"?>
<!-- Generated by org.testng.reporters.JUnitReportReporter -->
<testsuite skipped="0" hostname="TATTVA1" name="AmdoxAssignment.Task3" tests="1" failures="0" timestamp="10 Jun 2022 05:32:40 GMT" time="72.822" errors="0">
  <testcase name="task3" time="72.822" classname="AmdoxAssignment.Task3"/>
</testsuite> <!-- AmdoxAssignment.Task3 -->
