<?xml version="1.0" encoding="UTF-8"?>
<!-- Generated by org.testng.reporters.JUnitReportReporter -->
<testsuite skipped="0" hostname="DESKTOP-TLIRE04" name="com.amdocs.amazonTest.Day3_Task1Test" tests="1" failures="0" timestamp="2022-06-12T22:59:05 IST" time="20.984" errors="0">
  <testcase name="practicalTest" time="20.984" classname="com.amdocs.amazonTest.Day3_Task1Test"/>
  <system-out/>
</testsuite> <!-- com.amdocs.amazonTest.Day3_Task1Test -->
